[03:49:21] [main/INFO]: Environment: authHost='https://authserver.mojang.com', accountsHost='https://api.mojang.com', sessionHost='https://sessionserver.mojang.com', servicesHost='https://api.minecraftservices.com', name='PROD'
[03:49:21] [main/INFO]: Found new data pack file/bukkit, loading it automatically
[03:49:21] [main/INFO]: Reloading ResourceManager: Default, bukkit
[03:49:22] [Worker-Main-1/INFO]: Loaded 7 recipes
[03:49:24] [Server thread/INFO]: Starting minecraft server version 1.16.5
[03:49:24] [Server thread/INFO]: Loading properties
[03:49:24] [Server thread/INFO]: This server is running Paper version git-Paper-794 (MC: 1.16.5) (Implementing API version 1.16.5-R0.1-SNAPSHOT)
[03:49:24] [Server thread/INFO]: Debug logging is disabled
[03:49:24] [Server thread/INFO]: Server Ping Player Sample Count: 12
[03:49:24] [Server thread/INFO]: Using 4 threads for Netty based IO
[03:49:24] [Server thread/INFO]: Default game type: SURVIVAL
[03:49:24] [Server thread/INFO]: Generating keypair
[03:49:25] [Server thread/INFO]: Starting Minecraft server on *:25565
[03:49:25] [Server thread/INFO]: Using epoll channel type
[03:49:25] [Server thread/WARN]: **** SERVER IS RUNNING IN OFFLINE/INSECURE MODE!
[03:49:25] [Server thread/WARN]: The server will make no attempt to authenticate usernames. Beware.
[03:49:25] [Server thread/WARN]: While this makes the game possible to play without internet access, it also opens up the ability for hackers to connect with any username they choose.
[03:49:25] [Server thread/WARN]: To change this, set "online-mode" to "true" in the server.properties file.
[03:49:25] [Server thread/INFO]: Preparing level "world"
[03:49:30] [Server thread/WARN]: Unable to find spawn biome
[03:49:31] [Server thread/WARN]: Unable to find spawn biome
[03:49:32] [Server thread/INFO]: Preparing start region for dimension minecraft:overworld
[03:49:32] [Worker-Main-1/INFO]: Preparing spawn area: 0%
[03:49:32] [Worker-Main-1/INFO]: Preparing spawn area: 0%
[03:49:32] [Server thread/INFO]: Time elapsed: 627 ms
[03:49:32] [Server thread/INFO]: Preparing start region for dimension minecraft:the_nether
[03:49:37] [Server thread/INFO]: Time elapsed: 5274 ms
[03:49:37] [Server thread/INFO]: Preparing start region for dimension minecraft:the_end
[03:49:39] [Server thread/INFO]: Time elapsed: 1683 ms
[03:49:39] [Server thread/INFO]: Running delayed init tasks
[03:49:39] [Server thread/INFO]: Done (15.198s)! For help, type "help"
[03:49:39] [Server thread/WARN]: [io.papermc.paper.util.PaperJvmChecker] ************************************************************
[03:49:39] [Server thread/WARN]: [io.papermc.paper.util.PaperJvmChecker] * WARNING - YOU ARE RUNNING AN OUTDATED VERSION OF JAVA.
[03:49:39] [Server thread/WARN]: [io.papermc.paper.util.PaperJvmChecker] * PAPER WILL STOP BEING COMPATIBLE WITH THIS VERSION OF
[03:49:39] [Server thread/WARN]: [io.papermc.paper.util.PaperJvmChecker] * JAVA WHEN MINECRAFT 1.17 IS RELEASED.
[03:49:39] [Server thread/WARN]: [io.papermc.paper.util.PaperJvmChecker] *
[03:49:39] [Server thread/WARN]: [io.papermc.paper.util.PaperJvmChecker] * Please update the version of Java you use to run Paper
[03:49:39] [Server thread/WARN]: [io.papermc.paper.util.PaperJvmChecker] * to at least Java 16. When Paper for Minecraft 1.17 is
[03:49:39] [Server thread/WARN]: [io.papermc.paper.util.PaperJvmChecker] * released support for versions of Java before 16 will
[03:49:39] [Server thread/WARN]: [io.papermc.paper.util.PaperJvmChecker] * be dropped.
[03:49:39] [Server thread/WARN]: [io.papermc.paper.util.PaperJvmChecker] *
[03:49:39] [Server thread/WARN]: [io.papermc.paper.util.PaperJvmChecker] * Current Java version: 11.0.26
[03:49:39] [Server thread/WARN]: [io.papermc.paper.util.PaperJvmChecker] *
[03:49:39] [Server thread/WARN]: [io.papermc.paper.util.PaperJvmChecker] * Check this forum post for more information: 
[03:49:39] [Server thread/WARN]: [io.papermc.paper.util.PaperJvmChecker] *   https://papermc.io/java16
[03:49:39] [Server thread/WARN]: [io.papermc.paper.util.PaperJvmChecker] ************************************************************
[03:49:39] [Server thread/INFO]: Timings Reset
[03:53:47] [User Authenticator #1/INFO]: UUID of player Bluxx_rx1Q is f00306a8-e9b6-39c5-9728-f575a91d732e
[03:53:47] [Server thread/INFO]: Bluxx_rx1Q joined the game
[03:53:47] [Server thread/INFO]: Bluxx_rx1Q[/127.104.226.77:54943] logged in with entity id 505 at ([world]138.5, 78.0, 96.5)
[03:57:27] [Server thread/INFO]: Bluxx_rx1Q lost connection: Disconnected
[03:57:27] [Server thread/INFO]: Bluxx_rx1Q left the game
